Línea 439: la clase EditLib.fpDateTime del control ipp_FecEva no era una clase de control cargada.
Línea 546: la clase EditLib.fpDoubleSingle del control ipp_TipCam no era una clase de control cargada.
Línea 642: la clase EditLib.fpDoubleSingle del control ipp_AnoCon no era una clase de control cargada.
Línea 738: la clase EditLib.fpDoubleSingle del control ipp_NumPis no era una clase de control cargada.
Línea 834: la clase EditLib.fpDoubleSingle del control ipp_NumSot no era una clase de control cargada.
Línea 1475: la clase EditLib.fpDoubleSingle del control ipp_AreTer_Inm no era una clase de control cargada.
Línea 1571: la clase EditLib.fpDoubleSingle del control ipp_AreCon_Inm no era una clase de control cargada.
Línea 1667: la clase EditLib.fpDoubleSingle del control ipp_SumAse_Inm no era una clase de control cargada.
Línea 1763: la clase EditLib.fpDoubleSingle del control ipp_ValTer_Inm no era una clase de control cargada.
Línea 1859: la clase EditLib.fpDoubleSingle del control ipp_ValEdi_Inm no era una clase de control cargada.
Línea 1955: la clase EditLib.fpDoubleSingle del control ipp_ValACo_Inm no era una clase de control cargada.
Línea 2051: la clase EditLib.fpDoubleSingle del control ipp_ValCom_Inm no era una clase de control cargada.
Línea 2147: la clase EditLib.fpDoubleSingle del control ipp_ValRea_Inm no era una clase de control cargada.
Línea 2264: la clase EditLib.fpDoubleSingle del control ipp_AreTer_Es1 no era una clase de control cargada.
Línea 2360: la clase EditLib.fpDoubleSingle del control ipp_AreCon_Es1 no era una clase de control cargada.
Línea 2456: la clase EditLib.fpDoubleSingle del control ipp_SumAse_Es1 no era una clase de control cargada.
Línea 2552: la clase EditLib.fpDoubleSingle del control ipp_ValTer_Es1 no era una clase de control cargada.
Línea 2648: la clase EditLib.fpDoubleSingle del control ipp_ValEdi_Es1 no era una clase de control cargada.
Línea 2744: la clase EditLib.fpDoubleSingle del control ipp_ValACo_Es1 no era una clase de control cargada.
Línea 2840: la clase EditLib.fpDoubleSingle del control ipp_ValCom_Es1 no era una clase de control cargada.
Línea 2936: la clase EditLib.fpDoubleSingle del control ipp_ValRea_Es1 no era una clase de control cargada.
Línea 3074: la clase EditLib.fpDoubleSingle del control ipp_AreTer_Es2 no era una clase de control cargada.
Línea 3170: la clase EditLib.fpDoubleSingle del control ipp_AreCon_Es2 no era una clase de control cargada.
Línea 3266: la clase EditLib.fpDoubleSingle del control ipp_SumAse_Es2 no era una clase de control cargada.
Línea 3362: la clase EditLib.fpDoubleSingle del control ipp_ValTer_Es2 no era una clase de control cargada.
Línea 3458: la clase EditLib.fpDoubleSingle del control ipp_ValEdi_Es2 no era una clase de control cargada.
Línea 3554: la clase EditLib.fpDoubleSingle del control ipp_ValACo_Es2 no era una clase de control cargada.
Línea 3650: la clase EditLib.fpDoubleSingle del control ipp_ValCom_Es2 no era una clase de control cargada.
Línea 3746: la clase EditLib.fpDoubleSingle del control ipp_ValRea_Es2 no era una clase de control cargada.
Línea 3884: la clase EditLib.fpDoubleSingle del control ipp_AreTer_Dep no era una clase de control cargada.
Línea 3980: la clase EditLib.fpDoubleSingle del control ipp_AreCon_Dep no era una clase de control cargada.
Línea 4076: la clase EditLib.fpDoubleSingle del control ipp_SumAse_Dep no era una clase de control cargada.
Línea 4172: la clase EditLib.fpDoubleSingle del control ipp_ValTer_Dep no era una clase de control cargada.
Línea 4268: la clase EditLib.fpDoubleSingle del control ipp_ValEdi_Dep no era una clase de control cargada.
Línea 4364: la clase EditLib.fpDoubleSingle del control ipp_ValACo_Dep no era una clase de control cargada.
Línea 4460: la clase EditLib.fpDoubleSingle del control ipp_ValCom_Dep no era una clase de control cargada.
Línea 4556: la clase EditLib.fpDoubleSingle del control ipp_ValRea_Dep no era una clase de control cargada.
