Línea 22: la clase Threed.SSPanel del control SSPanel1 no era una clase de control cargada.
Línea 41: la clase Threed.SSPanel del control SSPanel2 no era una clase de control cargada.
Línea 61: la clase TabDlg.SSTab del control SSTab1 no era una clase de control cargada.
Línea 106: la clase MSFlexGridLib.MSFlexGrid del control grd_Listad no era una clase de control cargada.
Línea 124: la clase MSFlexGridLib.MSFlexGrid del control grd_Listad no era una clase de control cargada.
Línea 142: la clase MSFlexGridLib.MSFlexGrid del control grd_Listad no era una clase de control cargada.
Línea 160: la clase MSFlexGridLib.MSFlexGrid del control grd_Listad no era una clase de control cargada.
Línea 187: la clase MSFlexGridLib.MSFlexGrid del control grd_Listad no era una clase de control cargada.
Línea 205: la clase MSFlexGridLib.MSFlexGrid del control grd_Listad no era una clase de control cargada.
Línea 223: la clase MSFlexGridLib.MSFlexGrid del control grd_Listad no era una clase de control cargada.
Línea 242: la clase MSFlexGridLib.MSFlexGrid del control grd_Listad no era una clase de control cargada.
Línea 279: la clase Threed.SSPanel del control SSPanel6 no era una clase de control cargada.
Línea 299: la clase Threed.SSPanel del control SSPanel7 no era una clase de control cargada.
Línea 332: la clase Threed.SSPanel del control SSPanel24 no era una clase de control cargada.
Línea 352: la clase Threed.SSPanel del control pnl_Produc no era una clase de control cargada.
Línea 377: la clase Threed.SSPanel del control pnl_NumSol no era una clase de control cargada.
Línea 401: la clase Threed.SSPanel del control pnl_FecIng no era una clase de control cargada.
Línea 425: la clase Threed.SSPanel del control pnl_IngIns no era una clase de control cargada.
Línea 482: la clase Threed.SSPanel del control SSPanel39 no era una clase de control cargada.
Línea 522: la clase MSMAPI.MAPIMessages del control mps_Mensaj no era una clase de control cargada.
Línea 534: la clase MSMAPI.MAPISession del control mps_Sesion no era una clase de control cargada.
Línea 545: la clase Threed.SSPanel del control SSPanel4 no era una clase de control cargada.
Línea 573: la clase EditLib.fpDoubleSingle del control ipp_Import no era una clase de control cargada.
Línea 669: la clase Threed.SSPanel del control pnl_MonGas no era una clase de control cargada.
Línea 710: la clase Threed.SSPanel del control SSPanel3 no era una clase de control cargada.
Línea 730: la clase Threed.SSPanel del control SSPanel5 no era una clase de control cargada.
Línea 781: la clase MSFlexGridLib.MSFlexGrid del control grd_GasAdm no era una clase de control cargada.
Línea 799: la clase Threed.SSPanel del control SSPanel11 no era una clase de control cargada.
Línea 825: la clase Threed.SSPanel del control SSPanel13 no era una clase de control cargada.
Línea 851: la clase Threed.SSPanel del control SSPanel10 no era una clase de control cargada.
Línea 877: la clase Threed.SSPanel del control pnl_TotGas no era una clase de control cargada.
Línea 910: la clase Threed.SSPanel del control SSPanel8 no era una clase de control cargada.
