Línea 813: la clase EditLib.fpDateTime del control ipp_CliFVtoNC no era una clase de control cargada.
Línea 920: la clase EditLib.fpDateTime del control ipp_CliFVtoC no era una clase de control cargada.
Línea 1027: la clase EditLib.fpDateTime del control ipp_FMVFVtoNC no era una clase de control cargada.
Línea 1134: la clase EditLib.fpDateTime del control ipp_FMVFVtoC no era una clase de control cargada.
Línea 1241: la clase EditLib.fpDateTime del control ipp_CofFVto no era una clase de control cargada.
Línea 1348: la clase EditLib.fpDateTime del control ipp_EspFVto no era una clase de control cargada.
Línea 1455: la clase EditLib.fpDoubleSingle del control ipp_CliCapNC no era una clase de control cargada.
Línea 1551: la clase EditLib.fpDoubleSingle del control ipp_CliIntNC no era una clase de control cargada.
Línea 1647: la clase EditLib.fpDoubleSingle del control ipp_CliPreNC no era una clase de control cargada.
Línea 1743: la clase EditLib.fpDoubleSingle del control ipp_CliVivNC no era una clase de control cargada.
Línea 1839: la clase EditLib.fpDoubleSingle del control ipp_CliPorNC no era una clase de control cargada.
Línea 1935: la clase EditLib.fpDoubleSingle del control ipp_CliTotCuoNC no era una clase de control cargada.
Línea 2031: la clase EditLib.fpDoubleSingle del control ipp_CliSalCapNC no era una clase de control cargada.
Línea 2127: la clase EditLib.fpDoubleSingle del control ipp_CliCapC no era una clase de control cargada.
Línea 2223: la clase EditLib.fpDoubleSingle del control ipp_CliIntC no era una clase de control cargada.
Línea 2319: la clase EditLib.fpDoubleSingle del control ipp_CliTotCuoC no era una clase de control cargada.
Línea 2415: la clase EditLib.fpDoubleSingle del control ipp_CliSalCapC no era una clase de control cargada.
Línea 2511: la clase EditLib.fpDoubleSingle del control ipp_FMVCapNC no era una clase de control cargada.
Línea 2607: la clase EditLib.fpDoubleSingle del control ipp_FMVIntNC no era una clase de control cargada.
Línea 2703: la clase EditLib.fpDoubleSingle del control ipp_FMVPreNC no era una clase de control cargada.
Línea 2799: la clase EditLib.fpDoubleSingle del control ipp_FMVVivNC no era una clase de control cargada.
Línea 2895: la clase EditLib.fpDoubleSingle del control ipp_FMVPorNC no era una clase de control cargada.
Línea 2991: la clase EditLib.fpDoubleSingle del control ipp_FMVComNC no era una clase de control cargada.
Línea 3087: la clase EditLib.fpDoubleSingle del control ipp_FMVTotCuoNC no era una clase de control cargada.
Línea 3183: la clase EditLib.fpDoubleSingle del control ipp_FMVSalCapNC no era una clase de control cargada.
Línea 3279: la clase EditLib.fpDoubleSingle del control ipp_FMVCapC no era una clase de control cargada.
Línea 3375: la clase EditLib.fpDoubleSingle del control ipp_FMVIntC no era una clase de control cargada.
Línea 3471: la clase EditLib.fpDoubleSingle del control ipp_FMVComC no era una clase de control cargada.
Línea 3567: la clase EditLib.fpDoubleSingle del control ipp_FMVTotCuoC no era una clase de control cargada.
Línea 3663: la clase EditLib.fpDoubleSingle del control ipp_FMVSalCapC no era una clase de control cargada.
Línea 3759: la clase EditLib.fpDoubleSingle del control ipp_CofCap no era una clase de control cargada.
Línea 3855: la clase EditLib.fpDoubleSingle del control ipp_CofInt no era una clase de control cargada.
Línea 3951: la clase EditLib.fpDoubleSingle del control ipp_CofCom no era una clase de control cargada.
Línea 4047: la clase EditLib.fpDoubleSingle del control ipp_CofTotCuo no era una clase de control cargada.
Línea 4143: la clase EditLib.fpDoubleSingle del control ipp_CofSalCap no era una clase de control cargada.
Línea 4239: la clase EditLib.fpDoubleSingle del control ipp_EspCap no era una clase de control cargada.
Línea 4335: la clase EditLib.fpDoubleSingle del control ipp_EspInt no era una clase de control cargada.
Línea 4431: la clase EditLib.fpDoubleSingle del control ipp_EspSeg no era una clase de control cargada.
Línea 4527: la clase EditLib.fpDoubleSingle del control ipp_EspTotCuo no era una clase de control cargada.
Línea 4623: la clase EditLib.fpDoubleSingle del control ipp_EspSalCap no era una clase de control cargada.
